<?xml version="1.0" encoding="UTF-8"?>
<testsuite name="login.SampleTestCase" tests="2" skipped="0" failures="0" errors="0" timestamp="2017-05-25T13:57:16" hostname="DIN76000189" time="0.004">
  <properties/>
  <testcase name="test_sample_assert_one" classname="login.SampleTestCase" time="0.001"/>
  <testcase name="test_sample_assert_two" classname="login.SampleTestCase" time="0.0"/>
  <system-out><![CDATA[]]></system-out>
  <system-err><![CDATA[]]></system-err>
</testsuite>
